
-------------------- Trial 0  --------------------

Trial 0 Training MaxEntTrainer,gaussianPriorVariance=1.0 with 730 instances
Trial 0 Training MaxEntTrainer,gaussianPriorVariance=1.0 finished
Trial 0 Trainer MaxEntTrainer,gaussianPriorVariance=1.0 training data accuracy = 1.0
Trial 0 Trainer MaxEntTrainer,gaussianPriorVariance=1.0 Test Data Confusion Matrix
Confusion Matrix, row=true, column=predicted  accuracy=0.9408284023668639
label   0   1  |total
  0 U 477   1  |478
  1 Y  29   .  |29

Trial 0 Trainer MaxEntTrainer,gaussianPriorVariance=1.0 test data precision(U) = 0.9426877470355731
Trial 0 Trainer MaxEntTrainer,gaussianPriorVariance=1.0 test data precision(Y) = 0.0
Trial 0 Trainer MaxEntTrainer,gaussianPriorVariance=1.0 test data recall(U) = 0.997907949790795
Trial 0 Trainer MaxEntTrainer,gaussianPriorVariance=1.0 test data recall(Y) = 0.0
Trial 0 Trainer MaxEntTrainer,gaussianPriorVariance=1.0 test data F1(U) = 0.9695121951219512
Trial 0 Trainer MaxEntTrainer,gaussianPriorVariance=1.0 test data F1(Y) = 0.0
Trial 0 Trainer MaxEntTrainer,gaussianPriorVariance=1.0 test data accuracy = 0.9408284023668639

MaxEntTrainer,gaussianPriorVariance=1.0
Summary. train accuracy mean = 1.0 stddev = 0.0 stderr = 0.0
Summary. test accuracy mean = 0.9408284023668639 stddev = 0.0 stderr = 0.0
Summary. test precision(U) mean = 0.9426877470355731 stddev = 0.0 stderr = 0.0
Summary. test precision(Y) mean = 0.0 stddev = 0.0 stderr = 0.0
Summary. test recall(U) mean = 0.997907949790795 stddev = 0.0 stderr = 0.0
Summary. test recall(Y) mean = 0.0 stddev = 0.0 stderr = 0.0
Summary. test f1(U) mean = 0.9695121951219512 stddev = 0.0 stderr = 0.0
Summary. test f1(Y) mean = 0.0 stddev = 0.0 stderr = 0.0
